<?xml version="1.0" encoding="UTF-8"?>
<!-- Generated by org.testng.reporters.JUnitReportReporter -->
<testsuite skipped="1" hostname="BDC4-D-5R4ZQG2" name="com.Drivers.GetExcel" tests="1" failures="0" timestamp="19 Sep 2018 10:36:49 GMT" time="0.000" errors="0">
  <testcase name="testcase" time="0.000" classname="com.Drivers.GetExcel">
    <skipped/>
  </testcase> <!-- testcase -->
</testsuite> <!-- com.Drivers.GetExcel -->
