<?xml version="1.0" encoding="UTF-8"?>
<!-- Generated by org.testng.reporters.JUnitReportReporter -->
<testsuite skipped="0" hostname="BDC4-D-5R4ZQG2" name="com.Drivers.FrameTest" tests="1" failures="0" timestamp="18 Sep 2018 06:18:38 GMT" time="24.358" errors="0">
  <testcase name="testcase" time="24.358" classname="com.Drivers.FrameTest"/>
</testsuite> <!-- com.Drivers.FrameTest -->
