<?xml version="1.0" encoding="UTF-8"?>
<!-- Generated by org.testng.reporters.JUnitReportReporter -->
<testsuite skipped="0" hostname="BDC4-D-5R4ZQG2" name="com.Drivers.MultipleTabs" tests="1" failures="0" timestamp="18 Sep 2018 07:14:27 GMT" time="20.532" errors="0">
  <testcase name="testcase" time="20.532" classname="com.Drivers.MultipleTabs"/>
</testsuite> <!-- com.Drivers.MultipleTabs -->
