<?xml version="1.0" encoding="UTF-8"?>
<!-- Generated by org.testng.reporters.JUnitReportReporter -->
<testsuite skipped="0" hostname="BDC4-D-5R4ZQG2" name="com.Drivers.GridExample" tests="1" failures="0" timestamp="19 Sep 2018 07:48:47 GMT" time="16.102" errors="0">
  <testcase name="testcase" time="16.102" classname="com.Drivers.GridExample"/>
</testsuite> <!-- com.Drivers.GridExample -->
