<?xml version="1.0" encoding="UTF-8"?>
<!-- Generated by org.testng.reporters.JUnitReportReporter -->
<testsuite skipped="0" hostname="BDC4-D-5R4ZQG2" name="com.Drivers.RoughTest" tests="1" failures="0" timestamp="17 Sep 2018 10:13:22 GMT" time="12.695" errors="0">
  <testcase name="testcase" time="12.695" classname="com.Drivers.RoughTest"/>
</testsuite> <!-- com.Drivers.RoughTest -->
