<?xml version="1.0" encoding="UTF-8"?>
<!-- Generated by org.testng.reporters.JUnitReportReporter -->
<testsuite skipped="0" hostname="BDC4-D-5R4ZQG2" name="com.Drivers.DragandDrop" tests="1" failures="0" timestamp="18 Sep 2018 09:50:05 GMT" time="13.423" errors="0">
  <testcase name="testcase" time="13.423" classname="com.Drivers.DragandDrop"/>
</testsuite> <!-- com.Drivers.DragandDrop -->
