<?xml version="1.0" encoding="UTF-8"?>
<!-- Generated by org.testng.reporters.JUnitReportReporter -->
<testsuite skipped="0" hostname="BDC4-D-5R4ZQG2" name="com.Day1.Testng.Annotations" tests="2" failures="0" timestamp="19 Sep 2018 08:50:41 GMT" time="0.045" errors="0">
  <testcase name="alpha" time="0.021" classname="com.Day1.Testng.Annotations"/>
  <testcase name="beta" time="0.024" classname="com.Day1.Testng.Annotations"/>
</testsuite> <!-- com.Day1.Testng.Annotations -->
