<?xml version="1.0" encoding="UTF-8"?>
<!-- Generated by org.testng.reporters.JUnitReportReporter -->
<testsuite skipped="0" hostname="BDC4-D-5R4ZQG2" name="com.Drivers.Selectddn" tests="1" failures="0" timestamp="18 Sep 2018 04:22:39 GMT" time="19.249" errors="0">
  <testcase name="testcase" time="19.249" classname="com.Drivers.Selectddn"/>
</testsuite> <!-- com.Drivers.Selectddn -->
