<?xml version="1.0" encoding="UTF-8"?>
<!-- Generated by org.testng.reporters.JUnitReportReporter -->
<testsuite skipped="0" hostname="BDC4-D-5R4ZQG2" name="com.Drivers.SetTest" tests="1" failures="0" timestamp="18 Sep 2018 06:54:54 GMT" time="22.569" errors="0">
  <testcase name="testcase" time="22.569" classname="com.Drivers.SetTest"/>
</testsuite> <!-- com.Drivers.SetTest -->
