<?xml version="1.0" encoding="UTF-8"?>
<!-- Generated by org.testng.reporters.JUnitReportReporter -->
<testsuite skipped="0" hostname="BDC4-D-5R4ZQG2" name="com.Day1.Testng.BasicAnnotations" tests="1" failures="0" timestamp="17 Sep 2018 10:13:22 GMT" time="19.531" errors="0">
  <testcase name="testcase" time="19.531" classname="com.Day1.Testng.BasicAnnotations"/>
</testsuite> <!-- com.Day1.Testng.BasicAnnotations -->
