<?xml version="1.0" encoding="UTF-8"?>
<!-- Generated by org.testng.reporters.JUnitReportReporter -->
<testsuite skipped="0" hostname="BDC4-D-5R4ZQG2" name="com.Drivers.FileUlDl" tests="1" failures="0" timestamp="19 Sep 2018 04:40:41 GMT" time="16.180" errors="0">
  <testcase name="testcase" time="16.180" classname="com.Drivers.FileUlDl"/>
</testsuite> <!-- com.Drivers.FileUlDl -->
