<?xml version="1.0" encoding="UTF-8"?>
<!-- Generated by org.testng.reporters.JUnitReportReporter -->
<testsuite skipped="0" hostname="BDC4-D-5R4ZQG2" name="com.Drivers.CookieExample" tests="1" failures="0" timestamp="19 Sep 2018 05:02:16 GMT" time="14.299" errors="0">
  <testcase name="testcase" time="14.299" classname="com.Drivers.CookieExample"/>
</testsuite> <!-- com.Drivers.CookieExample -->
