<?xml version="1.0" encoding="UTF-8"?>
<!-- Generated by org.testng.reporters.JUnitReportReporter -->
<testsuite skipped="0" hostname="BDC4-D-5R4ZQG2" name="com.Drivers.WorkingwithActions" tests="1" failures="0" timestamp="18 Sep 2018 09:28:53 GMT" time="18.935" errors="0">
  <testcase name="testcase" time="18.935" classname="com.Drivers.WorkingwithActions"/>
</testsuite> <!-- com.Drivers.WorkingwithActions -->
