<?xml version="1.0" encoding="UTF-8"?>
<!-- Generated by org.testng.reporters.JUnitReportReporter -->
<testsuite skipped="0" hostname="BDC4-D-5R4ZQG2" name="com.Drivers.ContextClickExample" tests="1" failures="0" timestamp="18 Sep 2018 11:27:26 GMT" time="12.648" errors="0">
  <testcase name="testcase" time="12.648" classname="com.Drivers.ContextClickExample"/>
</testsuite> <!-- com.Drivers.ContextClickExample -->
