<?xml version="1.0" encoding="UTF-8"?>
<!-- Generated by org.testng.reporters.JUnitReportReporter -->
<testsuite skipped="0" hostname="BDC4-D-5R4ZQG2" name="com.Drivers.TestAlert" tests="1" failures="0" timestamp="18 Sep 2018 04:59:50 GMT" time="7.673" errors="0">
  <testcase name="testcase" time="7.673" classname="com.Drivers.TestAlert"/>
</testsuite> <!-- com.Drivers.TestAlert -->
