<?xml version="1.0" encoding="UTF-8"?>
<!-- Generated by org.testng.reporters.JUnitReportReporter -->
<testsuite skipped="0" hostname="BDC4-D-5R4ZQG2" name="com.Drivers.Links" tests="1" failures="0" timestamp="18 Sep 2018 04:50:01 GMT" time="38.591" errors="0">
  <testcase name="testcase" time="38.591" classname="com.Drivers.Links"/>
</testsuite> <!-- com.Drivers.Links -->
